Reading netlist file: "C:\Users\Emerson\Documents\uart3\impl\gwsynthesis\uart.vg"
Parsing netlist file "C:\Users\Emerson\Documents\uart3\impl\gwsynthesis\uart.vg" completed
Processing netlist completed
Reading constraint file: "C:\Users\Emerson\Documents\uart3\src\main.cst"
Physical Constraint parsed completed
Running placement......
[10%] Placement Phase 0 completed
[20%] Placement Phase 1 completed
[30%] Placement Phase 2 completed
[50%] Placement Phase 3 completed
Running routing......
[60%] Routing Phase 0 completed
[70%] Routing Phase 1 completed
[80%] Routing Phase 2 completed
WARN  (PR1014) : Generic routing resource will be used to clock signal 'CLK_d' by the specified constraint. And then it may lead to the excessive delay or skew
[90%] Routing Phase 3 completed
Running timing analysis......
[95%] Timing analysis completed
Placement and routing completed
Bitstream generation in progress......
Bitstream generation completed
Running power analysis......
[100%] Power analysis completed
Generate file "C:\Users\Emerson\Documents\uart3\impl\pnr\uart.power.html" completed
Generate file "C:\Users\Emerson\Documents\uart3\impl\pnr\uart.pin.html" completed
Generate file "C:\Users\Emerson\Documents\uart3\impl\pnr\uart.rpt.html" completed
Generate file "C:\Users\Emerson\Documents\uart3\impl\pnr\uart.rpt.txt" completed
Generate file "C:\Users\Emerson\Documents\uart3\impl\pnr\uart.tr.html" completed
Tue Apr 09 16:58:39 2024

